DEBUG - 2026-02-15 01:43:10 --> Session: Class initialized using 'CodeIgniter\Session\Handlers\FileHandler' driver.
DEBUG - 2026-02-15 01:43:10 --> Session: Class initialized using 'CodeIgniter\Session\Handlers\FileHandler' driver.
INFO - 2026-02-15 01:43:21 --> CSRF token verified.
DEBUG - 2026-02-15 01:43:21 --> Session: Class initialized using 'CodeIgniter\Session\Handlers\FileHandler' driver.
DEBUG - 2026-02-15 01:43:21 --> Session: Class initialized using 'CodeIgniter\Session\Handlers\FileHandler' driver.
DEBUG - 2026-02-15 01:43:32 --> Session: Class initialized using 'CodeIgniter\Session\Handlers\FileHandler' driver.
INFO - 2026-02-15 01:44:21 --> CSRF token verified.
ERROR - 2026-02-15 01:44:24 --> Email: sendWithMail throwed ErrorException: mail(): Failed to connect to mailserver at &quot;localhost&quot; port 25, verify your &quot;SMTP&quot; and &quot;smtp_port&quot; setting in php.ini or use ini_set() in C:\xampp\htdocs\muzuriacademie\home\system\Email\Email.php:1776
Stack trace:
#0 [internal function]: CodeIgniter\Debug\Exceptions->errorHandler(2, 'mail(): Failed ...', 'C:\\xampp\\htdocs...', 1776)
#1 C:\xampp\htdocs\muzuriacademie\home\system\Email\Email.php(1776): mail('infos@udbl.ac.c...', '=?UTF-8?Q?Confi...', 'This is a multi...', 'Date: Sun, 15 F...', '-f no-reply@muz...')
#2 C:\xampp\htdocs\muzuriacademie\home\system\Email\Email.php(1708): CodeIgniter\Email\Email->sendWithMail()
#3 C:\xampp\htdocs\muzuriacademie\home\system\Email\Email.php(1602): CodeIgniter\Email\Email->spoolEmail()
#4 C:\xampp\htdocs\muzuriacademie\home\app\Controllers\Registration.php(139): CodeIgniter\Email\Email->send()
#5 C:\xampp\htdocs\muzuriacademie\home\app\Controllers\Registration.php(93): App\Controllers\Registration->sendConfirmationEmail('infos@udbl.ac.c...', 'Gad Nyz', Array)
#6 C:\xampp\htdocs\muzuriacademie\home\system\CodeIgniter.php(951): App\Controllers\Registration->create()
#7 C:\xampp\htdocs\muzuriacademie\home\system\CodeIgniter.php(497): CodeIgniter\CodeIgniter->runController(Object(App\Controllers\Registration))
#8 C:\xampp\htdocs\muzuriacademie\home\system\CodeIgniter.php(340): CodeIgniter\CodeIgniter->handleRequest(NULL, Object(Config\Cache), false)
#9 C:\xampp\htdocs\muzuriacademie\home\system\Boot.php(417): CodeIgniter\CodeIgniter->run()
#10 C:\xampp\htdocs\muzuriacademie\home\system\Boot.php(68): CodeIgniter\Boot::runCodeIgniter(Object(CodeIgniter\CodeIgniter))
#11 C:\xampp\htdocs\muzuriacademie\htdocs\index.php(64): CodeIgniter\Boot::bootWeb(Object(Config\Paths))
#12 {main}
ERROR - 2026-02-15 01:44:24 --> Email: Unable to send email using PHP mail(). Your server might not be configured to send mail using this method.
ERROR - 2026-02-15 01:44:24 --> 
ERROR - 2026-02-15 01:44:24 --> Email failed: Unable to send email using PHP mail(). Your server might not be configured to send mail using this method.<br><pre>Date: Sun, 15 Feb 2026 01:44:22 +0200
From: =?UTF-8?Q?Muzuri=20Acad=C3=A9mie?= &lt;no-reply@muzuriacademie.com&gt;
Return-Path: &lt;no-reply@muzuriacademie.com&gt;
Reply-To: &lt;no-reply@muzuriacademie.com&gt;
User-Agent: CodeIgniter
X-Sender: no-reply@muzuriacademie.com
X-Mailer: CodeIgniter
X-Priority: 3 (Normal)
Message-ID: &lt;699108d6073b37.63530524@muzuriacademie.com&gt;
Mime-Version: 1.0
Content-Type: multipart/mixed; boundary=&quot;B_ATC_699108d6073d46.16794237&quot;
</pre>
DEBUG - 2026-02-15 01:44:32 --> Session: Class initialized using 'CodeIgniter\Session\Handlers\FileHandler' driver.
DEBUG - 2026-02-15 01:44:33 --> Session: Class initialized using 'CodeIgniter\Session\Handlers\FileHandler' driver.
INFO - 2026-02-15 01:45:05 --> CSRF token verified.
INFO - 2026-02-15 01:45:14 --> CSRF token verified.
ERROR - 2026-02-15 01:45:16 --> Email: sendWithMail throwed ErrorException: mail(): Failed to connect to mailserver at &quot;localhost&quot; port 25, verify your &quot;SMTP&quot; and &quot;smtp_port&quot; setting in php.ini or use ini_set() in C:\xampp\htdocs\muzuriacademie\home\system\Email\Email.php:1776
Stack trace:
#0 [internal function]: CodeIgniter\Debug\Exceptions->errorHandler(2, 'mail(): Failed ...', 'C:\\xampp\\htdocs...', 1776)
#1 C:\xampp\htdocs\muzuriacademie\home\system\Email\Email.php(1776): mail('admin@muzuriaca...', '=?UTF-8?Q?Confi...', 'This is a multi...', 'Date: Sun, 15 F...', '-f no-reply@muz...')
#2 C:\xampp\htdocs\muzuriacademie\home\system\Email\Email.php(1708): CodeIgniter\Email\Email->sendWithMail()
#3 C:\xampp\htdocs\muzuriacademie\home\system\Email\Email.php(1602): CodeIgniter\Email\Email->spoolEmail()
#4 C:\xampp\htdocs\muzuriacademie\home\app\Controllers\Registration.php(139): CodeIgniter\Email\Email->send()
#5 C:\xampp\htdocs\muzuriacademie\home\app\Controllers\Registration.php(93): App\Controllers\Registration->sendConfirmationEmail('admin@muzuriaca...', 'Gad Nyz', Array)
#6 C:\xampp\htdocs\muzuriacademie\home\system\CodeIgniter.php(951): App\Controllers\Registration->create()
#7 C:\xampp\htdocs\muzuriacademie\home\system\CodeIgniter.php(497): CodeIgniter\CodeIgniter->runController(Object(App\Controllers\Registration))
#8 C:\xampp\htdocs\muzuriacademie\home\system\CodeIgniter.php(340): CodeIgniter\CodeIgniter->handleRequest(NULL, Object(Config\Cache), false)
#9 C:\xampp\htdocs\muzuriacademie\home\system\Boot.php(417): CodeIgniter\CodeIgniter->run()
#10 C:\xampp\htdocs\muzuriacademie\home\system\Boot.php(68): CodeIgniter\Boot::runCodeIgniter(Object(CodeIgniter\CodeIgniter))
#11 C:\xampp\htdocs\muzuriacademie\htdocs\index.php(64): CodeIgniter\Boot::bootWeb(Object(Config\Paths))
#12 {main}
ERROR - 2026-02-15 01:45:16 --> Email: Unable to send email using PHP mail(). Your server might not be configured to send mail using this method.
ERROR - 2026-02-15 01:45:16 --> 
ERROR - 2026-02-15 01:45:16 --> Email failed: Unable to send email using PHP mail(). Your server might not be configured to send mail using this method.<br><pre>Date: Sun, 15 Feb 2026 01:45:14 +0200
From: =?UTF-8?Q?Muzuri=20Acad=C3=A9mie?= &lt;no-reply@muzuriacademie.com&gt;
Return-Path: &lt;no-reply@muzuriacademie.com&gt;
Reply-To: &lt;no-reply@muzuriacademie.com&gt;
User-Agent: CodeIgniter
X-Sender: no-reply@muzuriacademie.com
X-Mailer: CodeIgniter
X-Priority: 3 (Normal)
Message-ID: &lt;6991090a411350.69476479@muzuriacademie.com&gt;
Mime-Version: 1.0
Content-Type: multipart/mixed; boundary=&quot;B_ATC_6991090a411795.50748621&quot;
</pre>
DEBUG - 2026-02-15 01:48:00 --> Session: Class initialized using 'CodeIgniter\Session\Handlers\FileHandler' driver.
DEBUG - 2026-02-15 01:48:00 --> Session: Class initialized using 'CodeIgniter\Session\Handlers\FileHandler' driver.
INFO - 2026-02-15 01:48:07 --> CSRF token verified.
DEBUG - 2026-02-15 01:48:07 --> Session: Class initialized using 'CodeIgniter\Session\Handlers\FileHandler' driver.
DEBUG - 2026-02-15 01:48:08 --> Session: Class initialized using 'CodeIgniter\Session\Handlers\FileHandler' driver.
DEBUG - 2026-02-15 01:51:08 --> Session: Class initialized using 'CodeIgniter\Session\Handlers\FileHandler' driver.
DEBUG - 2026-02-15 01:51:17 --> Session: Class initialized using 'CodeIgniter\Session\Handlers\FileHandler' driver.
DEBUG - 2026-02-15 01:51:29 --> Session: Class initialized using 'CodeIgniter\Session\Handlers\FileHandler' driver.
DEBUG - 2026-02-15 01:51:56 --> Session: Class initialized using 'CodeIgniter\Session\Handlers\FileHandler' driver.
DEBUG - 2026-02-15 01:52:20 --> Session: Class initialized using 'CodeIgniter\Session\Handlers\FileHandler' driver.
DEBUG - 2026-02-15 01:52:41 --> Session: Class initialized using 'CodeIgniter\Session\Handlers\FileHandler' driver.
DEBUG - 2026-02-15 01:52:52 --> Session: Class initialized using 'CodeIgniter\Session\Handlers\FileHandler' driver.
INFO - 2026-02-15 02:04:12 --> CSRF token verified.
ERROR - 2026-02-15 02:04:15 --> Email: sendWithMail throwed ErrorException: mail(): Failed to connect to mailserver at &quot;localhost&quot; port 25, verify your &quot;SMTP&quot; and &quot;smtp_port&quot; setting in php.ini or use ini_set() in C:\xampp\htdocs\muzuriacademie\home\system\Email\Email.php:1776
Stack trace:
#0 [internal function]: CodeIgniter\Debug\Exceptions->errorHandler(2, 'mail(): Failed ...', 'C:\\xampp\\htdocs...', 1776)
#1 C:\xampp\htdocs\muzuriacademie\home\system\Email\Email.php(1776): mail('gadnyumbaiza@gm...', '=?UTF-8?Q?Confi...', 'This is a multi...', 'Date: Sun, 15 F...', '-f no-reply@muz...')
#2 C:\xampp\htdocs\muzuriacademie\home\system\Email\Email.php(1708): CodeIgniter\Email\Email->sendWithMail()
#3 C:\xampp\htdocs\muzuriacademie\home\system\Email\Email.php(1602): CodeIgniter\Email\Email->spoolEmail()
#4 C:\xampp\htdocs\muzuriacademie\home\app\Controllers\Registration.php(139): CodeIgniter\Email\Email->send()
#5 C:\xampp\htdocs\muzuriacademie\home\app\Controllers\Registration.php(93): App\Controllers\Registration->sendConfirmationEmail('gadnyumbaiza@gm...', 'Gad Nyz', Array)
#6 C:\xampp\htdocs\muzuriacademie\home\system\CodeIgniter.php(951): App\Controllers\Registration->create()
#7 C:\xampp\htdocs\muzuriacademie\home\system\CodeIgniter.php(497): CodeIgniter\CodeIgniter->runController(Object(App\Controllers\Registration))
#8 C:\xampp\htdocs\muzuriacademie\home\system\CodeIgniter.php(340): CodeIgniter\CodeIgniter->handleRequest(NULL, Object(Config\Cache), false)
#9 C:\xampp\htdocs\muzuriacademie\home\system\Boot.php(417): CodeIgniter\CodeIgniter->run()
#10 C:\xampp\htdocs\muzuriacademie\home\system\Boot.php(68): CodeIgniter\Boot::runCodeIgniter(Object(CodeIgniter\CodeIgniter))
#11 C:\xampp\htdocs\muzuriacademie\htdocs\index.php(64): CodeIgniter\Boot::bootWeb(Object(Config\Paths))
#12 {main}
ERROR - 2026-02-15 02:04:15 --> Email: Unable to send email using PHP mail(). Your server might not be configured to send mail using this method.
ERROR - 2026-02-15 02:04:15 --> 
ERROR - 2026-02-15 02:04:15 --> Email failed: Unable to send email using PHP mail(). Your server might not be configured to send mail using this method.<br><pre>Date: Sun, 15 Feb 2026 02:04:12 +0200
From: =?UTF-8?Q?Muzuri=20Acad=C3=A9mie?= &lt;no-reply@muzuriacademie.com&gt;
Return-Path: &lt;no-reply@muzuriacademie.com&gt;
Reply-To: &lt;no-reply@muzuriacademie.com&gt;
User-Agent: CodeIgniter
X-Sender: no-reply@muzuriacademie.com
X-Mailer: CodeIgniter
X-Priority: 3 (Normal)
Message-ID: &lt;69910d7cf158f2.13743559@muzuriacademie.com&gt;
Mime-Version: 1.0
Content-Type: multipart/mixed; boundary=&quot;B_ATC_69910d7cf15b62.17484975&quot;
</pre>
INFO - 2026-02-15 02:06:31 --> CSRF token verified.
ERROR - 2026-02-15 02:06:33 --> Email: sendWithMail throwed ErrorException: mail(): Failed to connect to mailserver at &quot;localhost&quot; port 25, verify your &quot;SMTP&quot; and &quot;smtp_port&quot; setting in php.ini or use ini_set() in C:\xampp\htdocs\muzuriacademie\home\system\Email\Email.php:1776
Stack trace:
#0 [internal function]: CodeIgniter\Debug\Exceptions->errorHandler(2, 'mail(): Failed ...', 'C:\\xampp\\htdocs...', 1776)
#1 C:\xampp\htdocs\muzuriacademie\home\system\Email\Email.php(1776): mail('gadnyumbaiza@gm...', '=?UTF-8?Q?Confi...', 'This is a multi...', 'Date: Sun, 15 F...', '-f no-reply@muz...')
#2 C:\xampp\htdocs\muzuriacademie\home\system\Email\Email.php(1708): CodeIgniter\Email\Email->sendWithMail()
#3 C:\xampp\htdocs\muzuriacademie\home\system\Email\Email.php(1602): CodeIgniter\Email\Email->spoolEmail()
#4 C:\xampp\htdocs\muzuriacademie\home\app\Controllers\Registration.php(139): CodeIgniter\Email\Email->send()
#5 C:\xampp\htdocs\muzuriacademie\home\app\Controllers\Registration.php(93): App\Controllers\Registration->sendConfirmationEmail('gadnyumbaiza@gm...', 'Gad Nyz', Array)
#6 C:\xampp\htdocs\muzuriacademie\home\system\CodeIgniter.php(951): App\Controllers\Registration->create()
#7 C:\xampp\htdocs\muzuriacademie\home\system\CodeIgniter.php(497): CodeIgniter\CodeIgniter->runController(Object(App\Controllers\Registration))
#8 C:\xampp\htdocs\muzuriacademie\home\system\CodeIgniter.php(340): CodeIgniter\CodeIgniter->handleRequest(NULL, Object(Config\Cache), false)
#9 C:\xampp\htdocs\muzuriacademie\home\system\Boot.php(417): CodeIgniter\CodeIgniter->run()
#10 C:\xampp\htdocs\muzuriacademie\home\system\Boot.php(68): CodeIgniter\Boot::runCodeIgniter(Object(CodeIgniter\CodeIgniter))
#11 C:\xampp\htdocs\muzuriacademie\htdocs\index.php(64): CodeIgniter\Boot::bootWeb(Object(Config\Paths))
#12 {main}
ERROR - 2026-02-15 02:06:33 --> Email: Unable to send email using PHP mail(). Your server might not be configured to send mail using this method.
ERROR - 2026-02-15 02:06:33 --> 
ERROR - 2026-02-15 02:06:33 --> Email failed: Unable to send email using PHP mail(). Your server might not be configured to send mail using this method.<br><pre>Date: Sun, 15 Feb 2026 02:06:31 +0200
From: =?UTF-8?Q?Muzuri=20Acad=C3=A9mie?= &lt;no-reply@muzuriacademie.com&gt;
Return-Path: &lt;no-reply@muzuriacademie.com&gt;
Reply-To: &lt;no-reply@muzuriacademie.com&gt;
User-Agent: CodeIgniter
X-Sender: no-reply@muzuriacademie.com
X-Mailer: CodeIgniter
X-Priority: 3 (Normal)
Message-ID: &lt;69910e07d7d737.33933968@muzuriacademie.com&gt;
Mime-Version: 1.0
Content-Type: multipart/mixed; boundary=&quot;B_ATC_69910e07d7d943.16014494&quot;
</pre>
INFO - 2026-02-15 02:09:53 --> CSRF token verified.
ERROR - 2026-02-15 02:09:55 --> Email: sendWithMail throwed ErrorException: mail(): Failed to connect to mailserver at &quot;localhost&quot; port 25, verify your &quot;SMTP&quot; and &quot;smtp_port&quot; setting in php.ini or use ini_set() in C:\xampp\htdocs\muzuriacademie\home\system\Email\Email.php:1776
Stack trace:
#0 [internal function]: CodeIgniter\Debug\Exceptions->errorHandler(2, 'mail(): Failed ...', 'C:\\xampp\\htdocs...', 1776)
#1 C:\xampp\htdocs\muzuriacademie\home\system\Email\Email.php(1776): mail('admin1@auc-cong...', '=?UTF-8?Q?Confi...', 'This is a multi...', 'Date: Sun, 15 F...', '-f no-reply@muz...')
#2 C:\xampp\htdocs\muzuriacademie\home\system\Email\Email.php(1708): CodeIgniter\Email\Email->sendWithMail()
#3 C:\xampp\htdocs\muzuriacademie\home\system\Email\Email.php(1602): CodeIgniter\Email\Email->spoolEmail()
#4 C:\xampp\htdocs\muzuriacademie\home\app\Controllers\Registration.php(139): CodeIgniter\Email\Email->send()
#5 C:\xampp\htdocs\muzuriacademie\home\app\Controllers\Registration.php(93): App\Controllers\Registration->sendConfirmationEmail('admin1@auc-cong...', 'Gad Nyz', Array)
#6 C:\xampp\htdocs\muzuriacademie\home\system\CodeIgniter.php(951): App\Controllers\Registration->create()
#7 C:\xampp\htdocs\muzuriacademie\home\system\CodeIgniter.php(497): CodeIgniter\CodeIgniter->runController(Object(App\Controllers\Registration))
#8 C:\xampp\htdocs\muzuriacademie\home\system\CodeIgniter.php(340): CodeIgniter\CodeIgniter->handleRequest(NULL, Object(Config\Cache), false)
#9 C:\xampp\htdocs\muzuriacademie\home\system\Boot.php(417): CodeIgniter\CodeIgniter->run()
#10 C:\xampp\htdocs\muzuriacademie\home\system\Boot.php(68): CodeIgniter\Boot::runCodeIgniter(Object(CodeIgniter\CodeIgniter))
#11 C:\xampp\htdocs\muzuriacademie\htdocs\index.php(64): CodeIgniter\Boot::bootWeb(Object(Config\Paths))
#12 {main}
ERROR - 2026-02-15 02:09:55 --> Email: Unable to send email using PHP mail(). Your server might not be configured to send mail using this method.
ERROR - 2026-02-15 02:09:55 --> 
ERROR - 2026-02-15 02:09:55 --> Email failed: Unable to send email using PHP mail(). Your server might not be configured to send mail using this method.<br><pre>Date: Sun, 15 Feb 2026 02:09:53 +0200
From: =?UTF-8?Q?Muzuri=20Acad=C3=A9mie?= &lt;no-reply@muzuriacademie.com&gt;
Return-Path: &lt;no-reply@muzuriacademie.com&gt;
Reply-To: &lt;no-reply@muzuriacademie.com&gt;
User-Agent: CodeIgniter
X-Sender: no-reply@muzuriacademie.com
X-Mailer: CodeIgniter
X-Priority: 3 (Normal)
Message-ID: &lt;69910ed1409ae6.91190735@muzuriacademie.com&gt;
Mime-Version: 1.0
Content-Type: multipart/mixed; boundary=&quot;B_ATC_69910ed1409d71.94890792&quot;
</pre>
INFO - 2026-02-15 02:10:48 --> CSRF token verified.
ERROR - 2026-02-15 02:10:50 --> Email: sendWithMail throwed ErrorException: mail(): Failed to connect to mailserver at &quot;localhost&quot; port 25, verify your &quot;SMTP&quot; and &quot;smtp_port&quot; setting in php.ini or use ini_set() in C:\xampp\htdocs\muzuriacademie\home\system\Email\Email.php:1776
Stack trace:
#0 [internal function]: CodeIgniter\Debug\Exceptions->errorHandler(2, 'mail(): Failed ...', 'C:\\xampp\\htdocs...', 1776)
#1 C:\xampp\htdocs\muzuriacademie\home\system\Email\Email.php(1776): mail('admin1@auc-cong...', '=?UTF-8?Q?Confi...', 'This is a multi...', 'Date: Sun, 15 F...', '-f no-reply@muz...')
#2 C:\xampp\htdocs\muzuriacademie\home\system\Email\Email.php(1708): CodeIgniter\Email\Email->sendWithMail()
#3 C:\xampp\htdocs\muzuriacademie\home\system\Email\Email.php(1602): CodeIgniter\Email\Email->spoolEmail()
#4 C:\xampp\htdocs\muzuriacademie\home\app\Controllers\Registration.php(139): CodeIgniter\Email\Email->send()
#5 C:\xampp\htdocs\muzuriacademie\home\app\Controllers\Registration.php(93): App\Controllers\Registration->sendConfirmationEmail('admin1@auc-cong...', 'Gad Nyz', Array)
#6 C:\xampp\htdocs\muzuriacademie\home\system\CodeIgniter.php(951): App\Controllers\Registration->create()
#7 C:\xampp\htdocs\muzuriacademie\home\system\CodeIgniter.php(497): CodeIgniter\CodeIgniter->runController(Object(App\Controllers\Registration))
#8 C:\xampp\htdocs\muzuriacademie\home\system\CodeIgniter.php(340): CodeIgniter\CodeIgniter->handleRequest(NULL, Object(Config\Cache), false)
#9 C:\xampp\htdocs\muzuriacademie\home\system\Boot.php(417): CodeIgniter\CodeIgniter->run()
#10 C:\xampp\htdocs\muzuriacademie\home\system\Boot.php(68): CodeIgniter\Boot::runCodeIgniter(Object(CodeIgniter\CodeIgniter))
#11 C:\xampp\htdocs\muzuriacademie\htdocs\index.php(64): CodeIgniter\Boot::bootWeb(Object(Config\Paths))
#12 {main}
ERROR - 2026-02-15 02:10:50 --> Email: Unable to send email using PHP mail(). Your server might not be configured to send mail using this method.
ERROR - 2026-02-15 02:10:50 --> 
ERROR - 2026-02-15 02:10:50 --> Email failed: Unable to send email using PHP mail(). Your server might not be configured to send mail using this method.<br><pre>Date: Sun, 15 Feb 2026 02:10:48 +0200
From: =?UTF-8?Q?Muzuri=20Acad=C3=A9mie?= &lt;no-reply@muzuriacademie.com&gt;
Return-Path: &lt;no-reply@muzuriacademie.com&gt;
Reply-To: &lt;no-reply@muzuriacademie.com&gt;
User-Agent: CodeIgniter
X-Sender: no-reply@muzuriacademie.com
X-Mailer: CodeIgniter
X-Priority: 3 (Normal)
Message-ID: &lt;69910f0891a288.64088114@muzuriacademie.com&gt;
Mime-Version: 1.0
Content-Type: multipart/mixed; boundary=&quot;B_ATC_69910f0891a492.57968780&quot;
</pre>
INFO - 2026-02-15 02:15:10 --> CSRF token verified.
ERROR - 2026-02-15 02:15:12 --> Email: sendWithMail throwed ErrorException: mail(): Failed to connect to mailserver at &quot;localhost&quot; port 25, verify your &quot;SMTP&quot; and &quot;smtp_port&quot; setting in php.ini or use ini_set() in C:\xampp\htdocs\muzuriacademie\home\system\Email\Email.php:1776
Stack trace:
#0 [internal function]: CodeIgniter\Debug\Exceptions->errorHandler(2, 'mail(): Failed ...', 'C:\\xampp\\htdocs...', 1776)
#1 C:\xampp\htdocs\muzuriacademie\home\system\Email\Email.php(1776): mail('gadnyz@gmail.co...', '=?UTF-8?Q?Confi...', 'This is a multi...', 'Date: Sun, 15 F...', '-f no-reply@muz...')
#2 C:\xampp\htdocs\muzuriacademie\home\system\Email\Email.php(1708): CodeIgniter\Email\Email->sendWithMail()
#3 C:\xampp\htdocs\muzuriacademie\home\system\Email\Email.php(1602): CodeIgniter\Email\Email->spoolEmail()
#4 C:\xampp\htdocs\muzuriacademie\home\app\Controllers\Registration.php(139): CodeIgniter\Email\Email->send()
#5 C:\xampp\htdocs\muzuriacademie\home\app\Controllers\Registration.php(93): App\Controllers\Registration->sendConfirmationEmail('gadnyz@gmail.co...', 'Gad Nyz', Array)
#6 C:\xampp\htdocs\muzuriacademie\home\system\CodeIgniter.php(951): App\Controllers\Registration->create()
#7 C:\xampp\htdocs\muzuriacademie\home\system\CodeIgniter.php(497): CodeIgniter\CodeIgniter->runController(Object(App\Controllers\Registration))
#8 C:\xampp\htdocs\muzuriacademie\home\system\CodeIgniter.php(340): CodeIgniter\CodeIgniter->handleRequest(NULL, Object(Config\Cache), false)
#9 C:\xampp\htdocs\muzuriacademie\home\system\Boot.php(417): CodeIgniter\CodeIgniter->run()
#10 C:\xampp\htdocs\muzuriacademie\home\system\Boot.php(68): CodeIgniter\Boot::runCodeIgniter(Object(CodeIgniter\CodeIgniter))
#11 C:\xampp\htdocs\muzuriacademie\htdocs\index.php(64): CodeIgniter\Boot::bootWeb(Object(Config\Paths))
#12 {main}
ERROR - 2026-02-15 02:15:12 --> Email: Unable to send email using PHP mail(). Your server might not be configured to send mail using this method.
ERROR - 2026-02-15 02:15:12 --> 
ERROR - 2026-02-15 02:15:12 --> Email failed: Unable to send email using PHP mail(). Your server might not be configured to send mail using this method.<br><pre>Date: Sun, 15 Feb 2026 02:15:10 +0200
From: =?UTF-8?Q?Muzuri=20Acad=C3=A9mie?= &lt;no-reply@muzuriacademie.com&gt;
Return-Path: &lt;no-reply@muzuriacademie.com&gt;
Reply-To: &lt;no-reply@muzuriacademie.com&gt;
User-Agent: CodeIgniter
X-Sender: no-reply@muzuriacademie.com
X-Mailer: CodeIgniter
X-Priority: 3 (Normal)
Message-ID: &lt;6991100e970725.42727273@muzuriacademie.com&gt;
Mime-Version: 1.0
Content-Type: multipart/mixed; boundary=&quot;B_ATC_6991100e970995.89686190&quot;
</pre>
DEBUG - 2026-02-15 02:38:46 --> Session: Class initialized using 'CodeIgniter\Session\Handlers\FileHandler' driver.
DEBUG - 2026-02-15 02:38:48 --> Session: Class initialized using 'CodeIgniter\Session\Handlers\FileHandler' driver.
CRITICAL - 2026-02-15 02:38:49 --> ErrorException: unlink(C:\xampp\htdocs\muzuriacademie\home\writable\debugbar/debugbar_1771114185.674119.json): No such file or directory
[Method: GET, Route: /]
in SYSTEMPATH\Debug\Toolbar\Collectors\History.php on line 82.
 1 [internal function]: CodeIgniter\Debug\Exceptions->errorHandler(2, 'unlink(C:\\xampp\\htdocs\\muzuriacademie\\home\\writable\\debugbar/debugbar_1771114185.674119.json): No such file or directory', 'C:\\xampp\\htdocs\\muzuriacademie\\home\\system\\Debug\\Toolbar\\Collectors\\History.php', 82)
 2 SYSTEMPATH\Debug\Toolbar\Collectors\History.php(82): unlink('C:\\xampp\\htdocs\\muzuriacademie\\home\\writable\\debugbar/debugbar_1771114185.674119.json')
 3 SYSTEMPATH\Debug\Toolbar.php(517): CodeIgniter\Debug\Toolbar\Collectors\History->setFiles('1771115928.570054', 20)
 4 SYSTEMPATH\Debug\Toolbar.php(496): CodeIgniter\Debug\Toolbar->format([...], 'html')
 5 APPPATH\Config\Events.php(47): CodeIgniter\Debug\Toolbar->respond()
 6 SYSTEMPATH\Events\Events.php(152): CodeIgniter\Events\Events::Config\{closure}()
 7 SYSTEMPATH\CodeIgniter.php(325): CodeIgniter\Events\Events::trigger('pre_system')
 8 SYSTEMPATH\Boot.php(417): CodeIgniter\CodeIgniter->run()
 9 SYSTEMPATH\Boot.php(68): CodeIgniter\Boot::runCodeIgniter(Object(CodeIgniter\CodeIgniter))
10 FCPATH\index.php(64): CodeIgniter\Boot::bootWeb(Object(Config\Paths))
INFO - 2026-02-15 02:39:12 --> CSRF token verified.
ERROR - 2026-02-15 02:39:15 --> Email: sendWithMail throwed ErrorException: mail(): Failed to connect to mailserver at &quot;localhost&quot; port 25, verify your &quot;SMTP&quot; and &quot;smtp_port&quot; setting in php.ini or use ini_set() in C:\xampp\htdocs\muzuriacademie\home\system\Email\Email.php:1776
Stack trace:
#0 [internal function]: CodeIgniter\Debug\Exceptions->errorHandler(2, 'mail(): Failed ...', 'C:\\xampp\\htdocs...', 1776)
#1 C:\xampp\htdocs\muzuriacademie\home\system\Email\Email.php(1776): mail('gadnyz@gmail.co...', '=?UTF-8?Q?Confi...', 'This is a multi...', 'Date: Sun, 15 F...', '-f no-reply@muz...')
#2 C:\xampp\htdocs\muzuriacademie\home\system\Email\Email.php(1708): CodeIgniter\Email\Email->sendWithMail()
#3 C:\xampp\htdocs\muzuriacademie\home\system\Email\Email.php(1602): CodeIgniter\Email\Email->spoolEmail()
#4 C:\xampp\htdocs\muzuriacademie\home\app\Controllers\Registration.php(139): CodeIgniter\Email\Email->send()
#5 C:\xampp\htdocs\muzuriacademie\home\app\Controllers\Registration.php(93): App\Controllers\Registration->sendConfirmationEmail('gadnyz@gmail.co...', 'Gad Nyz', Array)
#6 C:\xampp\htdocs\muzuriacademie\home\system\CodeIgniter.php(951): App\Controllers\Registration->create()
#7 C:\xampp\htdocs\muzuriacademie\home\system\CodeIgniter.php(497): CodeIgniter\CodeIgniter->runController(Object(App\Controllers\Registration))
#8 C:\xampp\htdocs\muzuriacademie\home\system\CodeIgniter.php(340): CodeIgniter\CodeIgniter->handleRequest(NULL, Object(Config\Cache), false)
#9 C:\xampp\htdocs\muzuriacademie\home\system\Boot.php(417): CodeIgniter\CodeIgniter->run()
#10 C:\xampp\htdocs\muzuriacademie\home\system\Boot.php(68): CodeIgniter\Boot::runCodeIgniter(Object(CodeIgniter\CodeIgniter))
#11 C:\xampp\htdocs\muzuriacademie\htdocs\index.php(64): CodeIgniter\Boot::bootWeb(Object(Config\Paths))
#12 {main}
ERROR - 2026-02-15 02:39:15 --> Email: Unable to send email using PHP mail(). Your server might not be configured to send mail using this method.
ERROR - 2026-02-15 02:39:15 --> 
ERROR - 2026-02-15 02:39:15 --> Email failed: Unable to send email using PHP mail(). Your server might not be configured to send mail using this method.<br><pre>Date: Sun, 15 Feb 2026 02:39:13 +0200
From: =?UTF-8?Q?Muzuri=20Acad=C3=A9mie?= &lt;no-reply@muzuriacademie.com&gt;
Return-Path: &lt;no-reply@muzuriacademie.com&gt;
Reply-To: &lt;no-reply@muzuriacademie.com&gt;
User-Agent: CodeIgniter
X-Sender: no-reply@muzuriacademie.com
X-Mailer: CodeIgniter
X-Priority: 3 (Normal)
Message-ID: &lt;699115b13dfa86.13153055@muzuriacademie.com&gt;
Mime-Version: 1.0
Content-Type: multipart/mixed; boundary=&quot;B_ATC_699115b13dfdf5.28627654&quot;
</pre>
INFO - 2026-02-15 02:44:44 --> CSRF token verified.
ERROR - 2026-02-15 02:44:46 --> Email: sendWithMail throwed ErrorException: mail(): Failed to connect to mailserver at &quot;localhost&quot; port 25, verify your &quot;SMTP&quot; and &quot;smtp_port&quot; setting in php.ini or use ini_set() in C:\xampp\htdocs\muzuriacademie\home\system\Email\Email.php:1776
Stack trace:
#0 [internal function]: CodeIgniter\Debug\Exceptions->errorHandler(2, 'mail(): Failed ...', 'C:\\xampp\\htdocs...', 1776)
#1 C:\xampp\htdocs\muzuriacademie\home\system\Email\Email.php(1776): mail('gadnyz@gmail.co...', '=?UTF-8?Q?Confi...', 'This is a multi...', 'Date: Sun, 15 F...', '-f no-reply@muz...')
#2 C:\xampp\htdocs\muzuriacademie\home\system\Email\Email.php(1708): CodeIgniter\Email\Email->sendWithMail()
#3 C:\xampp\htdocs\muzuriacademie\home\system\Email\Email.php(1602): CodeIgniter\Email\Email->spoolEmail()
#4 C:\xampp\htdocs\muzuriacademie\home\app\Controllers\Registration.php(139): CodeIgniter\Email\Email->send()
#5 C:\xampp\htdocs\muzuriacademie\home\app\Controllers\Registration.php(93): App\Controllers\Registration->sendConfirmationEmail('gadnyz@gmail.co...', 'Gad Nyz', Array)
#6 C:\xampp\htdocs\muzuriacademie\home\system\CodeIgniter.php(951): App\Controllers\Registration->create()
#7 C:\xampp\htdocs\muzuriacademie\home\system\CodeIgniter.php(497): CodeIgniter\CodeIgniter->runController(Object(App\Controllers\Registration))
#8 C:\xampp\htdocs\muzuriacademie\home\system\CodeIgniter.php(340): CodeIgniter\CodeIgniter->handleRequest(NULL, Object(Config\Cache), false)
#9 C:\xampp\htdocs\muzuriacademie\home\system\Boot.php(417): CodeIgniter\CodeIgniter->run()
#10 C:\xampp\htdocs\muzuriacademie\home\system\Boot.php(68): CodeIgniter\Boot::runCodeIgniter(Object(CodeIgniter\CodeIgniter))
#11 C:\xampp\htdocs\muzuriacademie\htdocs\index.php(64): CodeIgniter\Boot::bootWeb(Object(Config\Paths))
#12 {main}
ERROR - 2026-02-15 02:44:46 --> Email: Unable to send email using PHP mail(). Your server might not be configured to send mail using this method.
ERROR - 2026-02-15 02:44:46 --> 
ERROR - 2026-02-15 02:44:46 --> Email failed: Unable to send email using PHP mail(). Your server might not be configured to send mail using this method.<br><pre>Date: Sun, 15 Feb 2026 02:44:44 +0200
From: =?UTF-8?Q?Muzuri=20Acad=C3=A9mie?= &lt;no-reply@muzuriacademie.com&gt;
Return-Path: &lt;no-reply@muzuriacademie.com&gt;
Reply-To: &lt;no-reply@muzuriacademie.com&gt;
User-Agent: CodeIgniter
X-Sender: no-reply@muzuriacademie.com
X-Mailer: CodeIgniter
X-Priority: 3 (Normal)
Message-ID: &lt;699116fcc7ea44.78963403@muzuriacademie.com&gt;
Mime-Version: 1.0
Content-Type: multipart/mixed; boundary=&quot;B_ATC_699116fcc7f219.85224319&quot;
</pre>
